<?xml version="1.0" encoding="UTF-8"?>
<!-- Generated by org.testng.reporters.JUnitReportReporter -->
<testsuite hostname="Nadsoft" failures="0" tests="2" name="TestCasesAllProject" time="37.611" errors="0" timestamp="2023-05-31T09:53:24 EET" skipped="0">
  <testcase classname="TestCasesAllProject" name="navigate_between_static_pages" time="9.311"/>
  <system-out/>
  <testcase classname="TestCasesAllProject" name="marketing_section" time="28.300"/>
  <system-out/>
</testsuite> <!-- TestCasesAllProject -->
